<?xml version="1.0" encoding="UTF-8"?>
<!-- Generated by org.testng.reporters.JUnitReportReporter -->
<testsuite skipped="0" hostname="dipak-PC" name="com.nopCommerce.testCases.TC_AddCustomerRoleTest_004" tests="1" failures="0" timestamp="27 Feb 2019 15:38:02 GMT" time="16.808" errors="0">
  <testcase name="addNewCustomerRole" time="16.808" classname="com.nopCommerce.testCases.TC_AddCustomerRoleTest_004"/>
</testsuite> <!-- com.nopCommerce.testCases.TC_AddCustomerRoleTest_004 -->
