<?xml version="1.0" encoding="UTF-8"?>
<!-- Generated by org.testng.reporters.JUnitReportReporter -->
<testsuite skipped="0" hostname="dipak-PC" name="com.nopCommerce.testCases.TC_LoginTest_001" tests="1" failures="0" timestamp="15 Feb 2019 10:20:56 GMT" time="12.074" errors="0">
  <testcase name="loginTest" time="12.074" classname="com.nopCommerce.testCases.TC_LoginTest_001"/>
</testsuite> <!-- com.nopCommerce.testCases.TC_LoginTest_001 -->
