<?xml version="1.0" encoding="UTF-8"?>
<!-- Generated by org.testng.reporters.JUnitReportReporter -->
<testsuite skipped="0" hostname="dipak-PC" name="com.nopCommerce.testCases.TC_AddCustomerTest_003" tests="1" failures="0" timestamp="21 Feb 2019 14:14:53 GMT" time="25.618" errors="0">
  <testcase name="addNewCustomer" time="25.618" classname="com.nopCommerce.testCases.TC_AddCustomerTest_003"/>
</testsuite> <!-- com.nopCommerce.testCases.TC_AddCustomerTest_003 -->
